Error: [31m  Failed to scan for dependencies from entries:
  D:/web temps/EPA Testing Suite/client/index.html

  [39m[31mX [41;31m[[41;97mERROR[41;31m][0m [1mFailed to resolve entry for package "read-excel-file". The package may have incorrect main/module/exports specified in its package.json: Missing "." specifier in "read-excel-file" package[0m [1m[35m[plugin vite:dep-scan][0m

    src/pages/teacher/TestBuilder.jsx:31:40:
[37m      31 │     readExcelFileModulePromise = import([32m'read-excel-file'[37m);
         ╵                                         [32m~~~~~~~~~~~~~~~~~[0m


    at failureErrorWithLog (D:\web temps\EPA Testing Suite\client\node_modules\esbuild\lib\main.js:1472:15)
    at D:\web temps\EPA Testing Suite\client\node_modules\esbuild\lib\main.js:945:25
    at runOnEndCallbacks (D:\web temps\EPA Testing Suite\client\node_modules\esbuild\lib\main.js:1315:45)
    at buildResponseToResult (D:\web temps\EPA Testing Suite\client\node_modules\esbuild\lib\main.js:943:7)
    at D:\web temps\EPA Testing Suite\client\node_modules\esbuild\lib\main.js:955:9
    at new Promise (<anonymous>)
    at requestCallbacks.on-end (D:\web temps\EPA Testing Suite\client\node_modules\esbuild\lib\main.js:954:54)
    at handleRequest (D:\web temps\EPA Testing Suite\client\node_modules\esbuild\lib\main.js:647:17)
    at handleIncomingPacket (D:\web temps\EPA Testing Suite\client\node_modules\esbuild\lib\main.js:672:7)
    at Socket.readFromStdout (D:\web temps\EPA Testing Suite\client\node_modules\esbuild\lib\main.js:600:7)
    at Socket.emit (node:events:519:28)
    at addChunk (node:internal/streams/readable:561:12)
    at readableAddChunkPushByteMode (node:internal/streams/readable:512:3)
    at Readable.push (node:internal/streams/readable:392:5)
    at Pipe.onStreamRead (node:internal/stream_base_commons:189:23)
