ValidationError: Custom keyGenerator appears to use request IP without calling the ipKeyGenerator helper function for IPv6 addresses. This could allow IPv6 users to bypass limits. See https://express-rate-limit.github.io/ERR_ERL_KEY_GEN_IPV6/ for more information.
    at Object.keyGeneratorIpFallback (file:///D:/web%20temps/EPA%20Testing%20Suite/server/node_modules/express-rate-limit/dist/index.mjs:613:13)
    at wrappedValidations.<computed> [as keyGeneratorIpFallback] (file:///D:/web%20temps/EPA%20Testing%20Suite/server/node_modules/express-rate-limit/dist/index.mjs:656:22)
    at parseOptions (file:///D:/web%20temps/EPA%20Testing%20Suite/server/node_modules/express-rate-limit/dist/index.mjs:726:16)
    at rateLimit (file:///D:/web%20temps/EPA%20Testing%20Suite/server/node_modules/express-rate-limit/dist/index.mjs:807:18)
    at file:///D:/web%20temps/EPA%20Testing%20Suite/server/app.js:67:21
    at ModuleJob.run (node:internal/modules/esm/module_job:345:25)
    at async onImport.tracePromise.__proto__ (node:internal/modules/esm/loader:651:26)
    at async asyncRunEntryPointWithESMLoader (node:internal/modules/run_main:117:5) {
  code: 'ERR_ERL_KEY_GEN_IPV6',
  help: 'https://express-rate-limit.github.io/ERR_ERL_KEY_GEN_IPV6/'
}
Request failed {
  method: 'GET',
  path: '/api/users',
  statusCode: 403,
  message: 'Forbidden: insufficient permissions.',
  stack: 'Error: Forbidden: insufficient permissions.\n' +
    '    at file:///D:/web%20temps/EPA%20Testing%20Suite/server/middlewares/authMiddleware.js:44:19\n' +
    '    at Layer.handle [as handle_request] (D:\\web temps\\EPA Testing Suite\\server\\node_modules\\express\\lib\\router\\layer.js:95:5)\n' +
    '    at trim_prefix (D:\\web temps\\EPA Testing Suite\\server\\node_modules\\express\\lib\\router\\index.js:328:13)\n' +
    '    at D:\\web temps\\EPA Testing Suite\\server\\node_modules\\express\\lib\\router\\index.js:286:9\n' +
    '    at Function.process_params (D:\\web temps\\EPA Testing Suite\\server\\node_modules\\express\\lib\\router\\index.js:346:12)\n' +
    '    at next (D:\\web temps\\EPA Testing Suite\\server\\node_modules\\express\\lib\\router\\index.js:280:10)\n' +
    '    at file:///D:/web%20temps/EPA%20Testing%20Suite/server/middlewares/authMiddleware.js:29:5\n' +
    '    at file:///D:/web%20temps/EPA%20Testing%20Suite/server/utils/asyncHandler.js:2:19\n' +
    '    at Layer.handle [as handle_request] (D:\\web temps\\EPA Testing Suite\\server\\node_modules\\express\\lib\\router\\layer.js:95:5)\n' +
    '    at trim_prefix (D:\\web temps\\EPA Testing Suite\\server\\node_modules\\express\\lib\\router\\index.js:328:13)'
}
