
  [32m[1mVITE[22m v5.4.21[39m  [2mready in [0m[1m1311[22m[2m[0m ms[22m

  [32m➜[39m  [1mLocal[22m:   [36mhttp://localhost:[1m5173[22m/[39m
  [32m➜[39m  [1mNetwork[22m: [36mhttp://172.22.48.1:[1m5173[22m/[39m
  [32m➜[39m  [1mNetwork[22m: [36mhttp://169.254.202.117:[1m5173[22m/[39m
  [32m➜[39m  [1mNetwork[22m: [36mhttp://192.168.1.143:[1m5173[22m/[39m
[2m9:41:59 AM[22m [36m[1m[vite][22m[39m [32mhmr update [39m[2m/src/context/AuthContext.jsx, /src/index.css[22m
[2m9:42:00 AM[22m [36m[1m[vite][22m[39m [33mhmr invalidate [39m[2m/src/context/AuthContext.jsx[22m Could not Fast Refresh ("AuthContext" export is incompatible). Learn more at https://github.com/vitejs/vite-plugin-react/tree/main/packages/plugin-react#consistent-components-exports
[2m9:42:00 AM[22m [36m[1m[vite][22m[39m [32mhmr update [39m[2m/src/App.jsx, /src/index.css, /src/components/common/ProtectedRoute.jsx, /src/components/common/RoleRoute.jsx, /src/pages/auth/LoginPage.jsx, /src/pages/admin/AdminDashboard.jsx, /src/components/common/Navbar.jsx, /src/components/common/Sidebar.jsx, /src/pages/teacher/TeacherDashboard.jsx, /src/pages/student/StudentDashboard.jsx[22m
[2m9:49:09 AM[22m [36m[1m[vite][22m[39m [32mhmr update [39m[2m/src/index.css[22m
[2m9:49:23 AM[22m [36m[1m[vite][22m[39m [32mhmr update [39m[2m/src/pages/admin/AdminDashboard.jsx, /src/index.css[22m
[2m9:49:48 AM[22m [36m[1m[vite][22m[39m [32mhmr update [39m[2m/src/pages/admin/UserManagement.jsx, /src/index.css[22m
[2m9:50:46 AM[22m [36m[1m[vite][22m[39m [32mhmr update [39m[2m/src/pages/admin/GroupManagement.jsx, /src/index.css[22m
[2m9:51:22 AM[22m [36m[1m[vite][22m[39m [32mhmr update [39m[2m/src/pages/teacher/TeacherDashboard.jsx, /src/index.css[22m
[2m9:51:42 AM[22m [36m[1m[vite][22m[39m [32mhmr update [39m[2m/src/pages/teacher/ExamScheduler.jsx, /src/index.css[22m
[2m9:52:19 AM[22m [36m[1m[vite][22m[39m [32mhmr update [39m[2m/src/pages/teacher/TestBuilder.jsx, /src/index.css[22m
[2m9:52:19 AM[22m [36m[1m[vite][22m[39m [32mhmr update [39m[2m/src/pages/teacher/TestBuilder.jsx, /src/index.css[22m
[2m9:53:01 AM[22m [36m[1m[vite][22m[39m [32mhmr update [39m[2m/src/pages/teacher/TestBuilder.jsx, /src/index.css[22m
[2m9:53:01 AM[22m [36m[1m[vite][22m[39m [32mhmr update [39m[2m/src/pages/teacher/TestBuilder.jsx, /src/index.css[22m
[2m9:54:35 AM[22m [36m[1m[vite][22m[39m [32mhmr update [39m[2m/src/pages/teacher/GradingPage.jsx, /src/index.css[22m
[2m9:54:35 AM[22m [36m[1m[vite][22m[39m [32mhmr update [39m[2m/src/pages/teacher/GradingPage.jsx, /src/index.css[22m
[2m10:00:29 AM[22m [36m[1m[vite][22m[39m [32mhmr update [39m[2m/src/pages/student/StudentDashboard.jsx, /src/index.css[22m
[2m10:09:18 AM[22m [36m[1m[vite][22m[39m [32mhmr update [39m[2m/src/pages/admin/GroupManagement.jsx, /src/index.css[22m
[2m10:24:55 AM[22m [36m[1m[vite][22m[39m [32mhmr update [39m[2m/src/index.css, /src/pages/student/ExamPage.jsx[22m
[2m10:25:06 AM[22m [36m[1m[vite][22m[39m [32mhmr update [39m[2m/src/components/exam/EssayQuestion.jsx, /src/index.css[22m
[2m10:25:15 AM[22m [36m[1m[vite][22m[39m [32mhmr update [39m[2m/src/components/exam/MCQQuestion.jsx, /src/index.css[22m
[2m10:25:27 AM[22m [36m[1m[vite][22m[39m [32mhmr update [39m[2m/src/pages/student/ExamPage.jsx, /src/index.css[22m
[2m10:25:40 AM[22m [36m[1m[vite][22m[39m [32mhmr update [39m[2m/src/index.css[22m
[2m10:25:40 AM[22m [36m[1m[vite][22m[39m [32mhmr update [39m[2m/src/index.css[22m
[2m10:29:21 AM[22m [36m[1m[vite][22m[39m [32mhmr update [39m[2m/src/pages/teacher/TestBuilder.jsx, /src/index.css[22m
[2m10:29:45 AM[22m [36m[1m[vite][22m[39m [32mhmr update [39m[2m/src/pages/teacher/TestBuilder.jsx, /src/index.css[22m
[2m10:30:03 AM[22m [36m[1m[vite][22m[39m [32mhmr update [39m[2m/src/index.css, /src/pages/student/ExamPage.jsx[22m
[2m10:30:12 AM[22m [36m[1m[vite][22m[39m [32mhmr update [39m[2m/src/index.css, /src/pages/student/ExamPage.jsx[22m
[2m10:30:29 AM[22m [36m[1m[vite][22m[39m [32mhmr update [39m[2m/src/components/exam/EssayQuestion.jsx, /src/index.css[22m
[2m10:30:40 AM[22m [36m[1m[vite][22m[39m [32mhmr update [39m[2m/src/components/exam/MCQQuestion.jsx, /src/index.css[22m
[2m10:30:58 AM[22m [36m[1m[vite][22m[39m [32mhmr update [39m[2m/src/pages/student/ExamPage.jsx, /src/index.css[22m
[2m10:31:13 AM[22m [36m[1m[vite][22m[39m [32mhmr update [39m[2m/src/pages/student/ExamPage.jsx, /src/index.css[22m
[2m10:33:05 AM[22m [36m[1m[vite][22m[39m [32mhmr update [39m[2m/src/App.jsx, /src/index.css[22m
[2m10:33:13 AM[22m [36m[1m[vite][22m[39m [32mhmr update [39m[2m/src/components/common/Sidebar.jsx, /src/index.css[22m
[2m10:38:40 AM[22m [36m[1m[vite][22m[39m [32mhmr update [39m[2m/src/App.jsx, /src/index.css[22m
[2m10:38:51 AM[22m [36m[1m[vite][22m[39m [32mhmr update [39m[2m/src/components/common/Sidebar.jsx, /src/index.css[22m
[2m10:39:11 AM[22m [36m[1m[vite][22m[39m [32mhmr update [39m[2m/src/pages/teacher/TeacherDashboard.jsx, /src/index.css[22m
[2m10:51:43 AM[22m [36m[1m[vite][22m[39m [32mhmr update [39m[2m/src/pages/student/StudentDashboard.jsx, /src/index.css[22m
[2m10:51:43 AM[22m [36m[1m[vite][22m[39m [32mhmr update [39m[2m/src/pages/teacher/TestBuilder.jsx, /src/index.css[22m
[2m10:56:13 AM[22m [36m[1m[vite][22m[39m [32mhmr update [39m[2m/src/pages/student/StudentDashboard.jsx, /src/index.css[22m
[2m10:56:20 AM[22m [36m[1m[vite][22m[39m [32mhmr update [39m[2m/src/pages/student/StudentDashboard.jsx, /src/index.css[22m
[2m11:18:13 AM[22m [36m[1m[vite][22m[39m [32mhmr update [39m[2m/src/pages/auth/SignupPage.jsx, /src/index.css[22m
[2m11:46:06 AM[22m [36m[1m[vite][22m[39m [32mhmr update [39m[2m/src/index.css, /src/context/AuthContext.jsx, /src/pages/auth/LoginPage.jsx, /src/pages/auth/SignupPage.jsx, /src/pages/admin/AdminDashboard.jsx, /src/pages/admin/UserManagement.jsx, /src/pages/admin/GroupManagement.jsx, /src/pages/teacher/TeacherDashboard.jsx, /src/pages/teacher/GradingPage.jsx, /src/pages/student/StudentDashboard.jsx, /src/pages/teacher/ExamScheduler.jsx, /src/pages/teacher/TestBuilder.jsx, /src/pages/student/ExamPage.jsx, /src/pages/student/ResultsPage.jsx, /src/components/admin/InviteCodesPanel.jsx[22m
[2m11:46:14 AM[22m [36m[1m[vite][22m[39m [32mhmr update [39m[2m/src/context/AuthContext.jsx, /src/index.css[22m
[2m11:46:23 AM[22m [36m[1m[vite][22m[39m [32mhmr update [39m[2m/src/pages/auth/LoginPage.jsx, /src/index.css[22m
[2m11:59:22 AM[22m [36m[1m[vite][22m[39m [32mhmr update [39m[2m/src/pages/teacher/TestBuilder.jsx, /src/index.css[22m
[2m12:00:03 PM[22m [36m[1m[vite][22m[39m [32mvite.config.js changed, restarting server...[39m
Re-optimizing dependencies because lockfile has changed
[2m12:00:04 PM[22m [36m[1m[vite][22m[39m server restarted.

  [32m➜[39m  [1mLocal[22m:   [36mhttp://localhost:[1m5173[22m/[39m
  [32m➜[39m  [1mNetwork[22m: [36mhttp://172.22.48.1:[1m5173[22m/[39m
  [32m➜[39m  [1mNetwork[22m: [36mhttp://192.168.1.143:[1m5173[22m/[39m
[2m12:05:02 PM[22m [36m[1m[vite][22m[39m [32mhmr update [39m[2m/src/pages/auth/LoginPage.jsx, /src/index.css[22m
[2m12:10:44 PM[22m [36m[1m[vite][22m[39m [32mhmr update [39m[2m/src/pages/teacher/TestBuilder.jsx, /src/index.css[22m
[2m12:10:57 PM[22m [36m[1m[vite][22m[39m [32mvite.config.js changed, restarting server...[39m
Re-optimizing dependencies because lockfile has changed
[2m12:10:57 PM[22m [36m[1m[vite][22m[39m server restarted.
[2m12:12:35 PM[22m [36m[1m[vite][22m[39m [32m✨ optimized dependencies changed. reloading[39m
[2m12:12:38 PM[22m [36m[1m[vite][22m[39m [32m✨ new dependencies optimized: [33mlucide-react[32m[39m
[2m12:12:38 PM[22m [36m[1m[vite][22m[39m [32m✨ optimized dependencies changed. reloading[39m
[2m12:20:37 PM[22m [36m[1m[vite][22m[39m [32m✨ new dependencies optimized: [33mread-excel-file/browser[32m[39m
[2m12:20:37 PM[22m [36m[1m[vite][22m[39m [32m✨ optimized dependencies changed. reloading[39m
